2017-07-13 23:59:39,674 INFO  [default] The previous best loss: 40574
2017-07-13 23:59:39,677 INFO  [default] Loading dict from: /home/ec2-user/kklab/Projects/lrlp/experiment_2017.07.12.il3-eng.y1r1.v2/oov_trans_dclm/models/charlm_eng_2_48_48.dict
2017-07-13 23:59:39,685 INFO  [default] Reading training data from: /home/ec2-user/kklab/Projects/lrlp/experiment_2017.07.12.il3-eng.y1r1.v2/oov_trans_dclm/combined_selected_non_domain_20000_and_in_domain_doc
2017-07-14 00:03:07,993 INFO  [default] Reading dev data from: /home/ec2-user/kklab/Projects/lrlp/experiment_2017.07.12.il3-eng.y1r1.v2/translation/dev/ref.eng.dev.y1r1.v2
2017-07-14 00:03:08,030 INFO  [default] Vocab size = 200
2017-07-14 00:03:08,064 INFO  [default] Save dict into: /home/ec2-user/kklab/Projects/lrlp/experiment_2017.07.12.il3-eng.y1r1.v2/oov_trans_dclm/models/charlm_eng_2_48_48.dict
2017-07-14 00:03:08,068 INFO  [default] Load model from: /home/ec2-user/kklab/Projects/lrlp/experiment_2017.07.12.il3-eng.y1r1.v2/oov_trans_dclm/models/charlm_eng_2_48_48.model
2017-07-14 04:23:08,636 INFO  [default]  E = 1.4351 PPL = 4.2000
2017-07-14 04:42:47,365 INFO  [default]  E = 1.8459 PPL = 6.3341
2017-07-14 04:57:36,933 INFO  [default]  E = 1.8247 PPL = 6.2010
2017-07-14 05:16:10,109 INFO  [default]  E = 1.7937 PPL = 6.0116
2017-07-14 05:35:34,784 INFO  [default]  E = 1.7838 PPL = 5.9521
2017-07-14 05:54:54,041 INFO  [default]  E = 1.7697 PPL = 5.8694
2017-07-14 06:12:13,643 INFO  [default]  E = 1.7370 PPL = 5.6804
2017-07-14 06:27:37,822 INFO  [default]  E = 1.7710 PPL = 5.8767
2017-07-14 06:46:43,564 INFO  [default]  E = 1.7295 PPL = 5.6379
2017-07-14 07:02:29,235 INFO  [default]  E = 1.7411 PPL = 5.7034
2017-07-14 07:19:59,509 INFO  [default]  E = 1.7555 PPL = 5.7865
2017-07-14 07:37:16,930 INFO  [default]  E = 1.7511 PPL = 5.7611
2017-07-14 07:52:41,354 INFO  [default]  E = 1.7261 PPL = 5.6185
2017-07-14 08:15:09,989 INFO  [default]  E = 1.7099 PPL = 5.5282
2017-07-14 08:33:42,136 INFO  [default]  E = 1.7056 PPL = 5.5048
2017-07-14 08:50:44,386 INFO  [default]  E = 1.7242 PPL = 5.6083
2017-07-14 09:06:32,455 INFO  [default]  E = 1.7242 PPL = 5.6080
2017-07-14 09:24:47,217 INFO  [default]  E = 1.7124 PPL = 5.5423
2017-07-14 09:45:12,708 INFO  [default]  E = 1.7052 PPL = 5.5025
2017-07-14 10:03:32,357 INFO  [default]  E = 1.6920 PPL = 5.4304
2017-07-14 10:03:43,656 INFO  [default] DEV [epoch = 0.0492902] E = 2.1481 PPL = 8.5683 (5.8206) 
2017-07-14 10:24:58,251 INFO  [default]  E = 1.6930 PPL = 5.4357
2017-07-14 10:45:00,646 INFO  [default]  E = 1.6698 PPL = 5.3113
2017-07-14 11:01:00,263 INFO  [default]  E = 1.6919 PPL = 5.4300
2017-07-14 11:19:04,813 INFO  [default]  E = 1.6811 PPL = 5.3714
2017-07-14 11:34:36,556 INFO  [default]  E = 1.7077 PPL = 5.5165
2017-07-14 11:53:31,215 INFO  [default]  E = 1.6691 PPL = 5.3073
2017-07-14 12:13:07,686 INFO  [default]  E = 1.6593 PPL = 5.2558
2017-07-14 12:31:48,741 INFO  [default]  E = 1.6856 PPL = 5.3956
2017-07-14 12:48:16,962 INFO  [default]  E = 1.6657 PPL = 5.2894
2017-07-14 13:07:17,243 INFO  [default]  E = 1.6710 PPL = 5.3175
2017-07-14 13:25:47,152 INFO  [default]  E = 1.6480 PPL = 5.1967
2017-07-14 13:40:59,213 INFO  [default]  E = 1.6503 PPL = 5.2083
2017-07-14 13:58:48,928 INFO  [default]  E = 1.6629 PPL = 5.2746
2017-07-14 14:17:28,158 INFO  [default]  E = 1.6728 PPL = 5.3268
2017-07-14 14:34:03,527 INFO  [default]  E = 1.6771 PPL = 5.3501
2017-07-14 14:53:52,347 INFO  [default]  E = 1.6710 PPL = 5.3176
2017-07-14 15:10:44,859 INFO  [default]  E = 1.6718 PPL = 5.3218
2017-07-14 15:31:21,168 INFO  [default]  E = 1.6605 PPL = 5.2617
2017-07-14 15:49:27,458 INFO  [default]  E = 1.6480 PPL = 5.1968
2017-07-14 16:11:08,992 INFO  [default]  E = 1.6434 PPL = 5.1725
2017-07-14 16:11:20,293 INFO  [default] DEV [epoch = 0.0985804] E = 2.1291 PPL = 8.4077 (5.8206) 
2017-07-14 16:26:18,358 INFO  [default]  E = 1.6891 PPL = 5.4147
2017-07-14 16:46:51,600 INFO  [default]  E = 1.6458 PPL = 5.1851
2017-07-14 17:02:42,497 INFO  [default]  E = 1.6644 PPL = 5.2826
2017-07-14 17:19:30,098 INFO  [default]  E = 1.6580 PPL = 5.2490
2017-07-14 17:38:27,568 INFO  [default]  E = 1.6617 PPL = 5.2682
2017-07-14 17:56:11,257 INFO  [default]  E = 1.6668 PPL = 5.2951
2017-07-14 18:09:57,534 INFO  [default]  E = 1.6705 PPL = 5.3149
2017-07-14 18:29:32,754 INFO  [default]  E = 1.6539 PPL = 5.2276
2017-07-14 18:45:16,028 INFO  [default]  E = 1.6530 PPL = 5.2228
2017-07-14 18:58:54,416 INFO  [default]  E = 1.6527 PPL = 5.2211
2017-07-14 19:14:15,415 INFO  [default]  E = 1.6658 PPL = 5.2898
2017-07-14 19:32:36,426 INFO  [default]  E = 1.6715 PPL = 5.3200
2017-07-14 19:47:00,348 INFO  [default]  E = 1.6595 PPL = 5.2566
2017-07-14 20:04:18,481 INFO  [default]  E = 1.6583 PPL = 5.2504
2017-07-14 20:08:19,229 FATAL [default] CRASH HANDLED; Application has crashed due to [SIGINT] signal
2017-07-14 20:08:19,230 WARN  [default] Aborting application. Reason: Fatal log at [/home/ec2-user/kklab/src/dynet/external/easyloggingpp/src/easylogging++.h:5583]
2017-07-14 20:10:19,569 FATAL [default] CRASH HANDLED; Application has crashed due to [SIGINT] signal
2017-07-14 20:10:19,569 WARN  [default] Aborting application. Reason: Fatal log at [/home/ec2-user/kklab/src/dynet/external/easyloggingpp/src/easylogging++.h:5583]
2017-07-14 20:12:42,842 FATAL [default] CRASH HANDLED; Application has crashed due to [SIGINT] signal
2017-07-14 20:12:42,848 WARN  [default] Aborting application. Reason: Fatal log at [/home/ec2-user/kklab/src/dynet/external/easyloggingpp/src/easylogging++.h:5583]
2017-07-14 20:14:18,211 FATAL [default] CRASH HANDLED; Application has crashed due to [SIGINT] signal
2017-07-14 20:14:18,211 WARN  [default] Aborting application. Reason: Fatal log at [/home/ec2-user/kklab/src/dynet/external/easyloggingpp/src/easylogging++.h:5583]
2017-08-10 03:11:14,051 FATAL [default] CRASH HANDLED; Application has crashed due to [SIGSEGV] signal
2017-08-10 03:11:14,051 WARN  [default] Aborting application. Reason: Fatal log at [/home/ec2-user/kklab/src/dynet/external/easyloggingpp/src/easylogging++.h:5583]
2017-08-10 03:24:29,082 FATAL [default] CRASH HANDLED; Application has crashed due to [SIGSEGV] signal
2017-08-10 03:24:29,082 WARN  [default] Aborting application. Reason: Fatal log at [/home/ec2-user/kklab/src/dynet/external/easyloggingpp/src/easylogging++.h:5583]
2017-12-03 23:18:21,391 FATAL [default] CRASH HANDLED; Application has crashed due to [SIGSEGV] signal
2017-12-03 23:18:21,393 WARN  [default] Aborting application. Reason: Fatal log at [/home/ec2-user/kklab/src/dynet/external/easyloggingpp/src/easylogging++.h:5583]
2017-12-03 23:26:04,827 FATAL [default] CRASH HANDLED; Application has crashed due to [SIGSEGV] signal
2017-12-03 23:26:04,829 WARN  [default] Aborting application. Reason: Fatal log at [/home/ec2-user/kklab/src/dynet/external/easyloggingpp/src/easylogging++.h:5583]
2017-12-03 23:37:47,677 FATAL [default] CRASH HANDLED; Application has crashed due to [SIGSEGV] signal
2017-12-03 23:37:47,678 WARN  [default] Aborting application. Reason: Fatal log at [/home/ec2-user/kklab/src/dynet/external/easyloggingpp/src/easylogging++.h:5583]
2017-12-03 23:44:25,404 FATAL [default] CRASH HANDLED; Application has crashed due to [SIGSEGV] signal
2017-12-03 23:44:25,406 WARN  [default] Aborting application. Reason: Fatal log at [/home/ec2-user/kklab/src/dynet/external/easyloggingpp/src/easylogging++.h:5583]
2017-12-03 23:48:37,188 FATAL [default] CRASH HANDLED; Application has crashed due to [SIGSEGV] signal
2017-12-03 23:48:37,189 WARN  [default] Aborting application. Reason: Fatal log at [/home/ec2-user/kklab/src/dynet/external/easyloggingpp/src/easylogging++.h:5583]
2017-12-05 18:35:01,571 FATAL [default] CRASH HANDLED; Application has crashed due to [SIGINT] signal
2017-12-05 18:35:01,571 WARN  [default] Aborting application. Reason: Fatal log at [/home/ec2-user/kklab/src/dynet/external/easyloggingpp/src/easylogging++.h:5583]
2017-12-11 01:34:41,057 FATAL [default] CRASH HANDLED; Application has crashed due to [SIGINT] signal
2017-12-11 01:34:41,059 WARN  [default] Aborting application. Reason: Fatal log at [/home/ec2-user/kklab/src/dynet/external/easyloggingpp/src/easylogging++.h:5583]
